<?xml version="1.0" encoding="UTF-8"?>
<testsuite xmlns:xsi="http://www.w3.org/2001/XMLSchema-instance" xsi:noNamespaceSchemaLocation="https://maven.apache.org/surefire/maven-surefire-plugin/xsd/surefire-test-report-3.0.xsd" version="3.0" name="com.lauro.correia.reactive.api.service.user.UserServiceTest" time="1.007" tests="3" errors="0" skipped="0" failures="0">
  <properties>
[...]
</properties>
  <testcase name="get_users_list_test" classname="com.lauro.correia.reactive.api.service.user.UserServiceTest" time="0.071">
    <system-out><![CDATA[2023-10-25T12:54:41.173+02:00  INFO 28157 --- [           main] t.c.s.AnnotationConfigContextLoaderUtils : Could not detect default configuration classes for test class [com.lauro.correia.reactive.api.service.user.UserServiceTest]: UserServiceTest does not declare any static, non-private, non-final, nested classes annotated with @Configuration.
2023-10-25T12:54:42.053+02:00  INFO 28157 --- [           main] c.l.c.r.a.service.user.UserServiceImpl   : [UserServiceImpl] - Get All Users
2023-10-25T12:54:42.092+02:00  INFO 28157 --- [ctor-http-nio-4] c.l.c.r.a.service.user.UserServiceImpl   : Received UserInfo response: [User[id=1, name=Leanne Graham, email=Sincere@april.biz]]
2023-10-25T12:54:42.094+02:00  INFO 28157 --- [ctor-http-nio-4] c.l.c.r.a.service.user.UserServiceImpl   : Received UserInfo response: [User[id=2, name=Ervin Howell, email=Shanna@melissa.tv]]
2023-10-25T12:54:42.095+02:00  INFO 28157 --- [ctor-http-nio-4] c.l.c.r.a.service.user.UserServiceImpl   : Received UserInfo response: [User[id=3, name=Clementine Bauch, email=Nathan@yesenia.net]]
2023-10-25T12:54:42.095+02:00  INFO 28157 --- [ctor-http-nio-4] c.l.c.r.a.service.user.UserServiceImpl   : Received UserInfo response: [User[id=4, name=Patricia Lebsack, email=Julianne.OConner@kory.org]]
2023-10-25T12:54:42.096+02:00  INFO 28157 --- [ctor-http-nio-4] c.l.c.r.a.service.user.UserServiceImpl   : Received UserInfo response: [User[id=5, name=Chelsey Dietrich, email=Lucio_Hettinger@annie.ca]]
2023-10-25T12:54:42.097+02:00  INFO 28157 --- [ctor-http-nio-4] c.l.c.r.a.service.user.UserServiceImpl   : Received UserInfo response: [User[id=6, name=Mrs. Dennis Schulist, email=Karley_Dach@jasper.info]]
2023-10-25T12:54:42.098+02:00  INFO 28157 --- [ctor-http-nio-4] c.l.c.r.a.service.user.UserServiceImpl   : Received UserInfo response: [User[id=7, name=Kurtis Weissnat, email=Telly.Hoeger@billy.biz]]
2023-10-25T12:54:42.098+02:00  INFO 28157 --- [ctor-http-nio-4] c.l.c.r.a.service.user.UserServiceImpl   : Received UserInfo response: [User[id=8, name=Nicholas Runolfsdottir V, email=Sherwood@rosamond.me]]
2023-10-25T12:54:42.101+02:00  INFO 28157 --- [ctor-http-nio-4] c.l.c.r.a.service.user.UserServiceImpl   : Received UserInfo response: [User[id=9, name=Glenna Reichert, email=Chaim_McDermott@dana.io]]
2023-10-25T12:54:42.101+02:00  INFO 28157 --- [ctor-http-nio-4] c.l.c.r.a.service.user.UserServiceImpl   : Received UserInfo response: [User[id=10, name=Clementina DuBuque, email=Rey.Padberg@karina.biz]]
]]></system-out>
  </testcase>
  <testcase name="get_user_info_complete_test" classname="com.lauro.correia.reactive.api.service.user.UserServiceTest" time="0.014">
    <system-out><![CDATA[2023-10-25T12:54:42.117+02:00  INFO 28157 --- [           main] c.l.c.r.a.service.user.UserServiceImpl   : [UserServiceImpl] - Getting UserInfo for id: []
2023-10-25T12:54:42.126+02:00  INFO 28157 --- [           main] c.l.c.r.a.service.user.UserServiceImpl   : UserInfoVO complete: UserInfoVO[userId=3, name=Clementine Bauch, email=Nathan@yesenia.net, address=AddressVO[street=Douglas Extension, suite=Suite 847, city=McKenziehaven, zipcode=59590-4157, geolocation=GeolocationVO[latitude=-68.6102, longetude=-47.0653]], phone=1-463-123-4447, website=ramiro.info, company=CompanyVO[name=Romaguera-Jacobson, catchPhrase=, bs=Face to face bifurcated interface], album=[AlbumVO[userId=3, albumId=21, title=epudiandae voluptatem optio est consequatur rem in temporibus et]], post=[PostVO[userId=3, postId=21, title=asperiores ea ipsam voluptatibus modi minima quia sint, body=repellat aliquid praesentium dolorem quo\nsed totam minus non itaque\nnihil labore molestiae sunt dolor eveniet hic recusandae veniam\ntempora et tenetur expedita sunt]]]
]]></system-out>
  </testcase>
  <testcase name="get_user_info_test" classname="com.lauro.correia.reactive.api.service.user.UserServiceTest" time="0.036">
    <system-out><![CDATA[2023-10-25T12:54:42.138+02:00  INFO 28157 --- [           main] c.l.c.r.a.service.user.UserServiceImpl   : [UserServiceImpl] - Getting UserInfo for id: [3]
2023-10-25T12:54:42.161+02:00  INFO 28157 --- [ctor-http-nio-4] c.l.c.r.a.service.user.UserServiceImpl   : Received UserInfo response: [UserInfo[userId=3, name=Clementine Bauch, email=Nathan@yesenia.net, address=Address[street=Douglas Extension, suite=Suite 847, city=McKenziehaven, zipcode=59590-4157, geo=Geolocation[lat=-68.6102, lng=-47.0653]], phone=1-463-123-4447, website=ramiro.info, company=Company[name=Romaguera-Jacobson, catchPhrase=Face to face bifurcated interface, bs=e-enable strategic applications]]]
]]></system-out>
  </testcase>
</testsuite>