<?xml version="1.0" encoding="UTF-8"?>
<testsuite xmlns:xsi="http://www.w3.org/2001/XMLSchema-instance" xsi:noNamespaceSchemaLocation="https://maven.apache.org/surefire/maven-surefire-plugin/xsd/surefire-test-report-3.0.xsd" version="3.0" name="com.lauro.correia.reactive.api.controller.UserInfoControllerITest" time="3.058" tests="3" errors="0" skipped="0" failures="0">
  <properties>
[...]
</properties>
  <testcase name="get_user_info_response_not_found_test" classname="com.lauro.correia.reactive.api.controller.UserInfoControllerITest" time="1.623">
    <system-out><![CDATA[2023-11-03T18:54:55.373+01:00  INFO 63647 --- [           main] t.c.s.AnnotationConfigContextLoaderUtils : Could not detect default configuration classes for test class [com.lauro.correia.reactive.api.controller.UserInfoControllerITest]: UserInfoControllerITest does not declare any static, non-private, non-final, nested classes annotated with @Configuration.
2023-11-03T18:54:55.397+01:00  INFO 63647 --- [           main] .b.t.c.SpringBootTestContextBootstrapper : Found @SpringBootConfiguration com.lauro.correia.reactive.api.SpringReactiveApiApplication for test class com.lauro.correia.reactive.api.controller.UserInfoControllerITest
2023-11-03T18:54:55.406+01:00  INFO 63647 --- [           main] o.s.b.d.r.RestartApplicationListener     : Restart disabled due to context in which it is running

  .   ____          _            __ _ _
 /\\ / ___'_ __ _ _(_)_ __  __ _ \ \ \ \
( ( )\___ | '_ | '_| | '_ \/ _` | \ \ \ \
 \\/  ___)| |_)| | | | | || (_| |  ) ) ) )
  '  |____| .__|_| |_|_| |_\__, | / / / /
 =========|_|==============|___/=/_/_/_/
 :: Spring Boot ::                (v3.1.5)

2023-11-03T18:54:55.460+01:00  INFO 63647 --- [           main] c.l.c.r.a.c.UserInfoControllerITest      : Starting UserInfoControllerITest using Java 17.0.8 with PID 63647 (started by laurocorreia in /Users/laurocorreia/Documents/GitHub/reactive-api)
2023-11-03T18:54:55.461+01:00  INFO 63647 --- [           main] c.l.c.r.a.c.UserInfoControllerITest      : No active profile set, falling back to 1 default profile: "default"
2023-11-03T18:54:56.493+01:00  INFO 63647 --- [           main] o.s.b.web.embedded.netty.NettyWebServer  : Netty started on port 56792
2023-11-03T18:54:56.502+01:00  INFO 63647 --- [           main] c.l.c.r.a.c.UserInfoControllerITest      : Started UserInfoControllerITest in 1.095 seconds (process running for 9.396)
2023-11-03T18:54:57.223+01:00  INFO 63647 --- [ctor-http-nio-4] c.l.c.r.a.controller.UserInfoController  : [UserInfoController] getuserInfo for Id: [14]
2023-11-03T18:54:57.225+01:00  INFO 63647 --- [ctor-http-nio-4] c.l.c.r.a.service.user.UserServiceImpl   : [UserServiceImpl] - Getting UserInfo for id: [14]
2023-11-03T18:54:57.237+01:00  INFO 63647 --- [ctor-http-nio-4] c.l.c.r.a.service.post.PostServiceImpl   : [UserServiceImpl] - Getting UserPost for id: [14]
2023-11-03T18:54:57.239+01:00  INFO 63647 --- [ctor-http-nio-4] c.l.c.r.a.s.album.AlbumServiceImpl       : [UserServiceImpl] - Getting UserAlbum for id: [14]
2023-11-03T18:54:58.056+01:00 ERROR 63647 --- [ctor-http-nio-4] c.l.c.r.a.c.UserInfoRestControllerAdvice : [UserInfoRestControllerAdvice] handleNotFoundException
]]></system-out>
  </testcase>
  <testcase name="get_user_info_response_ok_test" classname="com.lauro.correia.reactive.api.controller.UserInfoControllerITest" time="0.205">
    <system-out><![CDATA[2023-11-03T18:54:58.165+01:00  INFO 63647 --- [ctor-http-nio-4] c.l.c.r.a.controller.UserInfoController  : [UserInfoController] getuserInfo for Id: [9]
2023-11-03T18:54:58.166+01:00  INFO 63647 --- [ctor-http-nio-4] c.l.c.r.a.service.user.UserServiceImpl   : [UserServiceImpl] - Getting UserInfo for id: [9]
2023-11-03T18:54:58.166+01:00  INFO 63647 --- [ctor-http-nio-4] c.l.c.r.a.service.post.PostServiceImpl   : [UserServiceImpl] - Getting UserPost for id: [9]
2023-11-03T18:54:58.167+01:00  INFO 63647 --- [ctor-http-nio-4] c.l.c.r.a.s.album.AlbumServiceImpl       : [UserServiceImpl] - Getting UserAlbum for id: [9]
2023-11-03T18:54:58.244+01:00  INFO 63647 --- [ctor-http-nio-4] c.l.c.r.a.service.user.UserServiceImpl   : Received UserInfo response: [UserInfo[userId=9, name=Glenna Reichert, email=Chaim_McDermott@dana.io, address=Address[street=Dayna Park, suite=Suite 449, city=Bartholomebury, zipcode=76495-3109, geo=Geolocation[lat=24.6463, lng=-168.8889]], phone=(775)976-6794 x41206, website=conrad.com, company=Company[name=Yost and Sons, catchPhrase=Switchable contextually-based project, bs=aggregate real-time technologies]]]
2023-11-03T18:54:58.293+01:00  INFO 63647 --- [ctor-http-nio-4] c.l.c.r.a.service.post.PostServiceImpl   : Received UserPost response: [Post[userId=9, postId=81, title=tempora rem veritatis voluptas quo dolores vero, body=facere qui nesciunt est voluptatum voluptatem nisi
sequi eligendi necessitatibus ea at rerum itaque
harum non ratione velit laboriosam quis consequuntur
ex officiis minima doloremque voluptas ut aut]]
2023-11-03T18:54:58.296+01:00  INFO 63647 --- [ctor-http-nio-4] c.l.c.r.a.service.post.PostServiceImpl   : Received UserPost response: [Post[userId=9, postId=82, title=laudantium voluptate suscipit sunt enim enim, body=ut libero sit aut totam inventore sunt
porro sint qui sunt molestiae
consequatur cupiditate qui iste ducimus adipisci
dolor enim assumenda soluta laboriosam amet iste delectus hic]]
2023-11-03T18:54:58.298+01:00  INFO 63647 --- [ctor-http-nio-4] c.l.c.r.a.service.post.PostServiceImpl   : Received UserPost response: [Post[userId=9, postId=83, title=odit et voluptates doloribus alias odio et, body=est molestiae facilis quis tempora numquam nihil qui
voluptate sapiente consequatur est qui
necessitatibus autem aut ipsa aperiam modi dolore numquam
reprehenderit eius rem quibusdam]]
2023-11-03T18:54:58.299+01:00  INFO 63647 --- [ctor-http-nio-4] c.l.c.r.a.service.post.PostServiceImpl   : Received UserPost response: [Post[userId=9, postId=84, title=optio ipsam molestias necessitatibus occaecati facilis veritatis dolores aut, body=sint molestiae magni a et quos
eaque et quasi
ut rerum debitis similique veniam
recusandae dignissimos dolor incidunt consequatur odio]]
2023-11-03T18:54:58.299+01:00  INFO 63647 --- [ctor-http-nio-4] c.l.c.r.a.service.post.PostServiceImpl   : Received UserPost response: [Post[userId=9, postId=85, title=dolore veritatis porro provident adipisci blanditiis et sunt, body=similique sed nisi voluptas iusto omnis
mollitia et quo
assumenda suscipit officia magnam sint sed tempora
enim provident pariatur praesentium atque animi amet ratione]]
2023-11-03T18:54:58.299+01:00  INFO 63647 --- [ctor-http-nio-4] c.l.c.r.a.service.post.PostServiceImpl   : Received UserPost response: [Post[userId=9, postId=86, title=placeat quia et porro iste, body=quasi excepturi consequatur iste autem temporibus sed molestiae beatae
et quaerat et esse ut
voluptatem occaecati et vel explicabo autem
asperiores pariatur deserunt optio]]
2023-11-03T18:54:58.300+01:00  INFO 63647 --- [ctor-http-nio-4] c.l.c.r.a.service.post.PostServiceImpl   : Received UserPost response: [Post[userId=9, postId=87, title=nostrum quis quasi placeat, body=eos et molestiae
nesciunt ut a
dolores perspiciatis repellendus repellat aliquid
magnam sint rem ipsum est]]
2023-11-03T18:54:58.300+01:00  INFO 63647 --- [ctor-http-nio-4] c.l.c.r.a.service.post.PostServiceImpl   : Received UserPost response: [Post[userId=9, postId=88, title=sapiente omnis fugit eos, body=consequatur omnis est praesentium
ducimus non iste
neque hic deserunt
voluptatibus veniam cum et rerum sed]]
2023-11-03T18:54:58.300+01:00  INFO 63647 --- [ctor-http-nio-4] c.l.c.r.a.service.post.PostServiceImpl   : Received UserPost response: [Post[userId=9, postId=89, title=sint soluta et vel magnam aut ut sed qui, body=repellat aut aperiam totam temporibus autem et
architecto magnam ut
consequatur qui cupiditate rerum quia soluta dignissimos nihil iure
tempore quas est]]
2023-11-03T18:54:58.301+01:00  INFO 63647 --- [ctor-http-nio-4] c.l.c.r.a.service.post.PostServiceImpl   : Received UserPost response: [Post[userId=9, postId=90, title=ad iusto omnis odit dolor voluptatibus, body=minus omnis soluta quia
qui sed adipisci voluptates illum ipsam voluptatem
eligendi officia ut in
eos soluta similique molestias praesentium blanditiis]]
2023-11-03T18:54:58.309+01:00  INFO 63647 --- [ctor-http-nio-4] c.l.c.r.a.s.album.AlbumServiceImpl       : Received UserAlbum response: [Album[userId=9, albumId=81, title=quibusdam sapiente et]]
2023-11-03T18:54:58.310+01:00  INFO 63647 --- [ctor-http-nio-4] c.l.c.r.a.s.album.AlbumServiceImpl       : Received UserAlbum response: [Album[userId=9, albumId=82, title=recusandae consequatur vel amet unde]]
2023-11-03T18:54:58.310+01:00  INFO 63647 --- [ctor-http-nio-4] c.l.c.r.a.s.album.AlbumServiceImpl       : Received UserAlbum response: [Album[userId=9, albumId=83, title=aperiam odio fugiat]]
2023-11-03T18:54:58.310+01:00  INFO 63647 --- [ctor-http-nio-4] c.l.c.r.a.s.album.AlbumServiceImpl       : Received UserAlbum response: [Album[userId=9, albumId=84, title=est et at eos expedita]]
2023-11-03T18:54:58.310+01:00  INFO 63647 --- [ctor-http-nio-4] c.l.c.r.a.s.album.AlbumServiceImpl       : Received UserAlbum response: [Album[userId=9, albumId=85, title=qui voluptatem consequatur aut ab quis temporibus praesentium]]
2023-11-03T18:54:58.311+01:00  INFO 63647 --- [ctor-http-nio-4] c.l.c.r.a.s.album.AlbumServiceImpl       : Received UserAlbum response: [Album[userId=9, albumId=86, title=eligendi mollitia alias aspernatur vel ut iusto]]
2023-11-03T18:54:58.311+01:00  INFO 63647 --- [ctor-http-nio-4] c.l.c.r.a.s.album.AlbumServiceImpl       : Received UserAlbum response: [Album[userId=9, albumId=87, title=aut aut architecto]]
2023-11-03T18:54:58.311+01:00  INFO 63647 --- [ctor-http-nio-4] c.l.c.r.a.s.album.AlbumServiceImpl       : Received UserAlbum response: [Album[userId=9, albumId=88, title=quas perspiciatis optio]]
2023-11-03T18:54:58.311+01:00  INFO 63647 --- [ctor-http-nio-4] c.l.c.r.a.s.album.AlbumServiceImpl       : Received UserAlbum response: [Album[userId=9, albumId=89, title=sit optio id voluptatem est eum et]]
2023-11-03T18:54:58.312+01:00  INFO 63647 --- [ctor-http-nio-4] c.l.c.r.a.s.album.AlbumServiceImpl       : Received UserAlbum response: [Album[userId=9, albumId=90, title=est vel dignissimos]]
2023-11-03T18:54:58.313+01:00  INFO 63647 --- [ctor-http-nio-4] c.l.c.r.a.service.user.UserServiceImpl   : UserInfoVO complete: UserInfoVO[userId=9, name=Glenna Reichert, email=Chaim_McDermott@dana.io, address=AddressVO[street=Dayna Park, suite=Suite 449, city=Bartholomebury, zipcode=76495-3109, geolocation=GeolocationVO[latitude=24.6463, longetude=-168.8889]], phone=(775)976-6794 x41206, website=conrad.com, company=CompanyVO[name=Yost and Sons, catchPhrase=Switchable contextually-based project, bs=aggregate real-time technologies], album=[AlbumVO[userId=9, albumId=81, title=quibusdam sapiente et], AlbumVO[userId=9, albumId=82, title=recusandae consequatur vel amet unde], AlbumVO[userId=9, albumId=83, title=aperiam odio fugiat], AlbumVO[userId=9, albumId=84, title=est et at eos expedita], AlbumVO[userId=9, albumId=85, title=qui voluptatem consequatur aut ab quis temporibus praesentium], AlbumVO[userId=9, albumId=86, title=eligendi mollitia alias aspernatur vel ut iusto], AlbumVO[userId=9, albumId=87, title=aut aut architecto], AlbumVO[userId=9, albumId=88, title=quas perspiciatis optio], AlbumVO[userId=9, albumId=89, title=sit optio id voluptatem est eum et], AlbumVO[userId=9, albumId=90, title=est vel dignissimos]], post=[PostVO[userId=9, postId=81, title=tempora rem veritatis voluptas quo dolores vero, body=facere qui nesciunt est voluptatum voluptatem nisi
sequi eligendi necessitatibus ea at rerum itaque
harum non ratione velit laboriosam quis consequuntur
ex officiis minima doloremque voluptas ut aut], PostVO[userId=9, postId=82, title=laudantium voluptate suscipit sunt enim enim, body=ut libero sit aut totam inventore sunt
porro sint qui sunt molestiae
consequatur cupiditate qui iste ducimus adipisci
dolor enim assumenda soluta laboriosam amet iste delectus hic], PostVO[userId=9, postId=83, title=odit et voluptates doloribus alias odio et, body=est molestiae facilis quis tempora numquam nihil qui
voluptate sapiente consequatur est qui
necessitatibus autem aut ipsa aperiam modi dolore numquam
reprehenderit eius rem quibusdam], PostVO[userId=9, postId=84, title=optio ipsam molestias necessitatibus occaecati facilis veritatis dolores aut, body=sint molestiae magni a et quos
eaque et quasi
ut rerum debitis similique veniam
recusandae dignissimos dolor incidunt consequatur odio], PostVO[userId=9, postId=85, title=dolore veritatis porro provident adipisci blanditiis et sunt, body=similique sed nisi voluptas iusto omnis
mollitia et quo
assumenda suscipit officia magnam sint sed tempora
enim provident pariatur praesentium atque animi amet ratione], PostVO[userId=9, postId=86, title=placeat quia et porro iste, body=quasi excepturi consequatur iste autem temporibus sed molestiae beatae
et quaerat et esse ut
voluptatem occaecati et vel explicabo autem
asperiores pariatur deserunt optio], PostVO[userId=9, postId=87, title=nostrum quis quasi placeat, body=eos et molestiae
nesciunt ut a
dolores perspiciatis repellendus repellat aliquid
magnam sint rem ipsum est], PostVO[userId=9, postId=88, title=sapiente omnis fugit eos, body=consequatur omnis est praesentium
ducimus non iste
neque hic deserunt
voluptatibus veniam cum et rerum sed], PostVO[userId=9, postId=89, title=sint soluta et vel magnam aut ut sed qui, body=repellat aut aperiam totam temporibus autem et
architecto magnam ut
consequatur qui cupiditate rerum quia soluta dignissimos nihil iure
tempore quas est], PostVO[userId=9, postId=90, title=ad iusto omnis odit dolor voluptatibus, body=minus omnis soluta quia
qui sed adipisci voluptates illum ipsam voluptatem
eligendi officia ut in
eos soluta similique molestias praesentium blanditiis]]]
]]></system-out>
  </testcase>
  <testcase name="get_user_list_response_OK_test" classname="com.lauro.correia.reactive.api.controller.UserInfoControllerITest" time="0.056">
    <system-out><![CDATA[2023-11-03T18:54:58.372+01:00  INFO 63647 --- [ctor-http-nio-4] c.l.c.r.a.controller.UserInfoController  : [UserInfoController] getUsers
2023-11-03T18:54:58.372+01:00  INFO 63647 --- [ctor-http-nio-4] c.l.c.r.a.service.user.UserServiceImpl   : [UserServiceImpl] - Get All Users
2023-11-03T18:54:58.401+01:00  INFO 63647 --- [ctor-http-nio-4] c.l.c.r.a.service.user.UserServiceImpl   : Received UserInfo response: [User[id=1, name=Leanne Graham, email=Sincere@april.biz]]
2023-11-03T18:54:58.403+01:00  INFO 63647 --- [ctor-http-nio-4] c.l.c.r.a.service.user.UserServiceImpl   : Received UserInfo response: [User[id=2, name=Ervin Howell, email=Shanna@melissa.tv]]
2023-11-03T18:54:58.405+01:00  INFO 63647 --- [ctor-http-nio-4] c.l.c.r.a.service.user.UserServiceImpl   : Received UserInfo response: [User[id=3, name=Clementine Bauch, email=Nathan@yesenia.net]]
2023-11-03T18:54:58.406+01:00  INFO 63647 --- [ctor-http-nio-4] c.l.c.r.a.service.user.UserServiceImpl   : Received UserInfo response: [User[id=4, name=Patricia Lebsack, email=Julianne.OConner@kory.org]]
2023-11-03T18:54:58.407+01:00  INFO 63647 --- [ctor-http-nio-4] c.l.c.r.a.service.user.UserServiceImpl   : Received UserInfo response: [User[id=5, name=Chelsey Dietrich, email=Lucio_Hettinger@annie.ca]]
2023-11-03T18:54:58.408+01:00  INFO 63647 --- [ctor-http-nio-4] c.l.c.r.a.service.user.UserServiceImpl   : Received UserInfo response: [User[id=6, name=Mrs. Dennis Schulist, email=Karley_Dach@jasper.info]]
2023-11-03T18:54:58.409+01:00  INFO 63647 --- [ctor-http-nio-4] c.l.c.r.a.service.user.UserServiceImpl   : Received UserInfo response: [User[id=7, name=Kurtis Weissnat, email=Telly.Hoeger@billy.biz]]
2023-11-03T18:54:58.409+01:00  INFO 63647 --- [ctor-http-nio-4] c.l.c.r.a.service.user.UserServiceImpl   : Received UserInfo response: [User[id=8, name=Nicholas Runolfsdottir V, email=Sherwood@rosamond.me]]
2023-11-03T18:54:58.411+01:00  INFO 63647 --- [ctor-http-nio-4] c.l.c.r.a.service.user.UserServiceImpl   : Received UserInfo response: [User[id=9, name=Glenna Reichert, email=Chaim_McDermott@dana.io]]
2023-11-03T18:54:58.412+01:00  INFO 63647 --- [ctor-http-nio-4] c.l.c.r.a.service.user.UserServiceImpl   : Received UserInfo response: [User[id=10, name=Clementina DuBuque, email=Rey.Padberg@karina.biz]]
]]></system-out>
  </testcase>
</testsuite>