<?xml version="1.0" encoding="UTF-8"?>
<testsuite xmlns:xsi="http://www.w3.org/2001/XMLSchema-instance" xsi:noNamespaceSchemaLocation="https://maven.apache.org/surefire/maven-surefire-plugin/xsd/surefire-test-report-3.0.xsd" version="3.0" name="com.lauro.correia.reactive.api.controller.UserInfoControllerTest" time="1.956" tests="6" errors="0" skipped="0" failures="0">
  <properties>
[...]
</properties>
  <testcase name="should_return_not_found_test" classname="com.lauro.correia.reactive.api.controller.UserInfoControllerTest" time="0.248">
    <system-out><![CDATA[2023-11-03T16:40:37.330+01:00  INFO 4688 --- [           main] t.c.s.AnnotationConfigContextLoaderUtils : Could not detect default configuration classes for test class [com.lauro.correia.reactive.api.controller.UserInfoControllerTest]: UserInfoControllerTest does not declare any static, non-private, non-final, nested classes annotated with @Configuration.
2023-11-03T16:40:37.360+01:00  INFO 4688 --- [           main] .b.t.c.SpringBootTestContextBootstrapper : Found @SpringBootConfiguration com.lauro.correia.reactive.api.SpringReactiveApiApplication for test class com.lauro.correia.reactive.api.controller.UserInfoControllerTest
2023-11-03T16:40:37.368+01:00  INFO 4688 --- [           main] o.s.b.d.r.RestartApplicationListener     : Restart disabled due to context in which it is running

  .   ____          _            __ _ _
 /\\ / ___'_ __ _ _(_)_ __  __ _ \ \ \ \
( ( )\___ | '_ | '_| | '_ \/ _` | \ \ \ \
 \\/  ___)| |_)| | | | | || (_| |  ) ) ) )
  '  |____| .__|_| |_|_| |_\__, | / / / /
 =========|_|==============|___/=/_/_/_/
 :: Spring Boot ::                (v3.1.5)

2023-11-03T16:40:37.399+01:00  INFO 4688 --- [           main] c.l.c.r.a.c.UserInfoControllerTest       : Starting UserInfoControllerTest using Java 17.0.8 with PID 4688 (started by laurocorreia in /Users/laurocorreia/Documents/GitHub/reactive-api)
2023-11-03T16:40:37.400+01:00  INFO 4688 --- [           main] c.l.c.r.a.c.UserInfoControllerTest       : No active profile set, falling back to 1 default profile: "default"
2023-11-03T16:40:38.294+01:00  INFO 4688 --- [           main] c.l.c.r.a.c.UserInfoControllerTest       : Started UserInfoControllerTest in 0.926 seconds (process running for 12.165)
2023-11-03T16:40:38.479+01:00  INFO 4688 --- [     parallel-1] c.l.c.r.a.controller.UserInfoController  : [UserInfoController] getuserInfo for Id: [21]
2023-11-03T16:40:38.515+01:00 ERROR 4688 --- [     parallel-1] c.l.c.r.a.c.UserInfoRestControllerAdvice : [UserInfoRestControllerAdvice] handleNotFoundException
]]></system-out>
  </testcase>
  <testcase name="should_return_internal_server_error_test" classname="com.lauro.correia.reactive.api.controller.UserInfoControllerTest" time="0.017">
    <system-out><![CDATA[2023-11-03T16:40:38.563+01:00  INFO 4688 --- [     parallel-2] c.l.c.r.a.controller.UserInfoController  : [UserInfoController] getuserInfo for Id: [21]
2023-11-03T16:40:38.565+01:00 ERROR 4688 --- [     parallel-2] c.l.c.r.a.c.UserInfoRestControllerAdvice : [UserInfoRestControllerAdvice] handleInternalServerException
]]></system-out>
  </testcase>
  <testcase name="should_return_user_test" classname="com.lauro.correia.reactive.api.controller.UserInfoControllerTest" time="0.589">
    <system-out><![CDATA[2023-11-03T16:40:38.589+01:00  INFO 4688 --- [     parallel-3] c.l.c.r.a.controller.UserInfoController  : [UserInfoController] getUsers
]]></system-out>
  </testcase>
  <testcase name="should_return_user_info_OK_for_id_3_test" classname="com.lauro.correia.reactive.api.controller.UserInfoControllerTest" time="0.045">
    <system-out><![CDATA[2023-11-03T16:40:39.185+01:00  INFO 4688 --- [     parallel-4] c.l.c.r.a.controller.UserInfoController  : [UserInfoController] getuserInfo for Id: [9]
]]></system-out>
  </testcase>
  <testcase name="should_return_user_info_OK_for_id_7_test" classname="com.lauro.correia.reactive.api.controller.UserInfoControllerTest" time="0.031">
    <system-out><![CDATA[2023-11-03T16:40:39.237+01:00  INFO 4688 --- [     parallel-5] c.l.c.r.a.controller.UserInfoController  : [UserInfoController] getuserInfo for Id: [7]
]]></system-out>
  </testcase>
  <testcase name="should_return_user_info_OK_for_id_9_test" classname="com.lauro.correia.reactive.api.controller.UserInfoControllerTest" time="0.025">
    <system-out><![CDATA[2023-11-03T16:40:39.265+01:00  INFO 4688 --- [     parallel-6] c.l.c.r.a.controller.UserInfoController  : [UserInfoController] getuserInfo for Id: [9]
]]></system-out>
  </testcase>
</testsuite>